<!DOCTYPE html PUBLIC "-//W3C//DTD XHTML 1.1//EN" "https://www.w3.org/TR/xhtml11/DTD/xhtml11.dtd">
<html xmlns="https://www.w3.org/1999/xhtml">
<head>
<meta http-equiv="content-type" content="text/html; charset=UTF-8"/>
<title>TestNG Report</title>
<style type="text/css">table {margin-bottom:10px;border-collapse:collapse;empty-cells:show}th,td {border:1px solid #009;padding:.25em .5em}th {vertical-align:bottom}td {vertical-align:top}table a {font-weight:bold}.stripe td {background-color: #E6EBF9}.num {text-align:right}.passedodd td {background-color: #3F3}.passedeven td {background-color: #0A0}.skippedodd td {background-color: #DDD}.skippedeven td {background-color: #CCC}.failedodd td,.attn {background-color: #F33}.failedeven td,.stripe .attn {background-color: #D00}.stacktrace {white-space:pre;font-family:monospace}.totop {font-size:85%;text-align:center;border-bottom:2px solid #000}.invisible {display:none}</style>
</head>
<body>
<table>
<tr><th>Test</th><th># Passed</th><th># Skipped</th><th># Retried</th><th># Failed</th><th>Time (ms)</th><th>Included Groups</th><th>Excluded Groups</th></tr>
<tr><th colspan="8">TestSuite</th></tr>
<tr><td><a href="#t0">ChromeTestCasesRegistration</a></td><td class="num">6</td><td class="num">0</td><td class="num">0</td><td class="num attn">3</td><td class="num">196,574</td><td></td><td></td></tr>
</table>
<table id='summary'><thead><tr><th>Class</th><th>Method</th><th>Start</th><th>Time (ms)</th></tr></thead><tbody><tr><th colspan="4">TestSuite</th></tr></tbody><tbody id="t0"><tr><th colspan="4">ChromeTestCasesRegistration &#8212; failed</th></tr><tr class="failedeven"><td rowspan="3">com.romanceabroad.ui.RegistrationTest</td><td><a href="#m0">signUpDataValidationPopUpHome</a></td><td rowspan="1">1611098554106</td><td rowspan="1">3372</td></tr><tr class="failedeven"><td><a href="#m1">signUpDataValidationRegistrationPage</a></td><td rowspan="2">1611098590099</td><td rowspan="2">27548</td></tr><tr class="failedeven"><td><a href="#m2">signUpDataValidationRegistrationPage</a></td></tr><tr><th colspan="4">ChromeTestCasesRegistration &#8212; passed</th></tr><tr class="passedeven"><td rowspan="6">com.romanceabroad.ui.RegistrationTest</td><td><a href="#m3">signUpDataValidationPopUpHome</a></td><td rowspan="2">1611098512740</td><td rowspan="2">11727</td></tr><tr class="passedeven"><td><a href="#m4">signUpDataValidationPopUpHome</a></td></tr><tr class="passedeven"><td><a href="#m5">signUpDataValidationRegistrationPage</a></td><td rowspan="4">1611098685720</td><td rowspan="4">8283</td></tr><tr class="passedeven"><td><a href="#m6">signUpDataValidationRegistrationPage</a></td></tr><tr class="passedeven"><td><a href="#m7">signUpDataValidationRegistrationPage</a></td></tr><tr class="passedeven"><td><a href="#m8">signUpDataValidationRegistrationPage</a></td></tr></tbody>
</table>
<h2>ChromeTestCasesRegistration</h2><h3 id="m0">com.romanceabroad.ui.RegistrationTest#signUpDataValidationPopUpHome</h3><table class="result"><tr class="param"><th>Parameter #1</th><th>Parameter #2</th><th>Parameter #3</th></tr><tr class="param stripe"><td>sh11Kwvuwe@test.com</td><td>SH11EKtjN</td><td>true</td></tr><tr><th colspan="3">Exception</th></tr><tr><td colspan="3"><div class="stacktrace">org.openqa.selenium.ElementNotInteractableException: element not interactable
  (Session info: chrome=87.0.4280.141)
Build info: version: &apos;3.141.59&apos;, revision: &apos;e82be7d358&apos;, time: &apos;2018-11-14T08:17:03&apos;
System info: host: &apos;DESKTOP-A602HLO&apos;, ip: &apos;192.168.50.26&apos;, os.name: &apos;Windows 10&apos;, os.arch: &apos;amd64&apos;, os.version: &apos;10.0&apos;, java.version: &apos;13.0.2&apos;
Driver info: org.openqa.selenium.chrome.ChromeDriver
Capabilities {acceptInsecureCerts: false, browserName: chrome, browserVersion: 87.0.4280.141, chrome: {chromedriverVersion: 86.0.4240.22 (398b0743353ff..., userDataDir: C:\WINDOWS\TEMP\scoped_dir1...}, goog:chromeOptions: {debuggerAddress: localhost:55581}, javascriptEnabled: true, networkConnectionEnabled: false, pageLoadStrategy: normal, platform: WINDOWS, platformName: WINDOWS, proxy: Proxy(), setWindowRect: true, strictFileInteractability: false, timeouts: {implicit: 0, pageLoad: 300000, script: 30000}, unhandledPromptBehavior: dismiss and notify, webauthn:virtualAuthenticators: true}
Session ID: 3dd09420ad18fb90260ab16fb510ddae
	at org.openqa.selenium.remote.http.W3CHttpResponseCodec.createException(W3CHttpResponseCodec.java:187)
	at org.openqa.selenium.remote.http.W3CHttpResponseCodec.decode(W3CHttpResponseCodec.java:122)
	at org.openqa.selenium.remote.http.W3CHttpResponseCodec.decode(W3CHttpResponseCodec.java:49)
	at org.openqa.selenium.remote.HttpCommandExecutor.execute(HttpCommandExecutor.java:158)
	at org.openqa.selenium.remote.service.DriverCommandExecutor.execute(DriverCommandExecutor.java:83)
	at org.openqa.selenium.remote.RemoteWebDriver.execute(RemoteWebDriver.java:552)
	at org.openqa.selenium.remote.RemoteWebElement.execute(RemoteWebElement.java:285)
	at org.openqa.selenium.remote.RemoteWebElement.sendKeys(RemoteWebElement.java:106)
	at data.Helpers.inputEmail(Helpers.java:68)
	at com.romanceabroad.ui.RegistrationPage.inputEmail(RegistrationPage.java:108)
	at com.romanceabroad.ui.RegistrationTest.signUpDataValidationPopUpHome(RegistrationTest.java:49)
	at java.base/java.util.concurrent.ThreadPoolExecutor.runWorker(ThreadPoolExecutor.java:1128)
	at java.base/java.util.concurrent.ThreadPoolExecutor$Worker.run(ThreadPoolExecutor.java:628)
	at java.base/java.lang.Thread.run(Thread.java:830)
... Removed 17 stack frames</div></td></tr></table><p class="totop"><a href="#summary">back to summary</a></p>
<h3 id="m1">com.romanceabroad.ui.RegistrationTest#signUpDataValidationRegistrationPage</h3><table class="result"><tr class="param"><th>Parameter #1</th><th>Parameter #2</th><th>Parameter #3</th><th>Parameter #4</th><th>Parameter #5</th><th>Parameter #6</th><th>Parameter #7</th><th>Parameter #8</th></tr><tr class="param stripe"><td>emailjohn@gmail.com</td><td>MysuperPass33#</td><td>Joker10</td><td>18</td><td>Feb</td><td>2059</td><td>3446546567</td><td>Tampa</td></tr><tr><th colspan="8">Exception</th></tr><tr><td colspan="8"><div class="stacktrace">org.openqa.selenium.NoSuchElementException: Cannot locate element with text: 2059
For documentation on this error, please visit: https://www.seleniumhq.org/exceptions/no_such_element.html
Build info: version: &apos;3.141.59&apos;, revision: &apos;e82be7d358&apos;, time: &apos;2018-11-14T08:17:03&apos;
System info: host: &apos;DESKTOP-A602HLO&apos;, ip: &apos;192.168.50.26&apos;, os.name: &apos;Windows 10&apos;, os.arch: &apos;amd64&apos;, os.version: &apos;10.0&apos;, java.version: &apos;13.0.2&apos;
Driver info: driver.version: unknown
	at org.openqa.selenium.support.ui.Select.selectByVisibleText(Select.java:147)
	at com.romanceabroad.ui.RegistrationPage.selectDateOnReg(RegistrationPage.java:102)
	at com.romanceabroad.ui.RegistrationTest.signUpDataValidationRegistrationPage(RegistrationTest.java:76)
	at java.base/java.util.concurrent.ThreadPoolExecutor.runWorker(ThreadPoolExecutor.java:1128)
	at java.base/java.util.concurrent.ThreadPoolExecutor$Worker.run(ThreadPoolExecutor.java:628)
	at java.base/java.lang.Thread.run(Thread.java:830)
... Removed 12 stack frames</div></td></tr></table><p class="totop"><a href="#summary">back to summary</a></p>
<h3 id="m2">com.romanceabroad.ui.RegistrationTest#signUpDataValidationRegistrationPage</h3><table class="result"><tr class="param"><th>Parameter #1</th><th>Parameter #2</th><th>Parameter #3</th><th>Parameter #4</th><th>Parameter #5</th><th>Parameter #6</th><th>Parameter #7</th><th>Parameter #8</th></tr><tr class="param stripe"><td>Mark.K2001@gmail.com</td><td>MysuperPass33#</td><td>lowBoundaryYear</td><td>01</td><td>Jan</td><td>1941</td><td>3479639961</td><td>Tampa</td></tr><tr><th colspan="8">Exception</th></tr><tr><td colspan="8"><div class="stacktrace">org.openqa.selenium.NoSuchElementException: Cannot locate element with text: 01
For documentation on this error, please visit: https://www.seleniumhq.org/exceptions/no_such_element.html
Build info: version: &apos;3.141.59&apos;, revision: &apos;e82be7d358&apos;, time: &apos;2018-11-14T08:17:03&apos;
System info: host: &apos;DESKTOP-A602HLO&apos;, ip: &apos;192.168.50.26&apos;, os.name: &apos;Windows 10&apos;, os.arch: &apos;amd64&apos;, os.version: &apos;10.0&apos;, java.version: &apos;13.0.2&apos;
Driver info: driver.version: unknown
	at org.openqa.selenium.support.ui.Select.selectByVisibleText(Select.java:147)
	at com.romanceabroad.ui.RegistrationPage.selectDateOnReg(RegistrationPage.java:100)
	at com.romanceabroad.ui.RegistrationTest.signUpDataValidationRegistrationPage(RegistrationTest.java:76)
	at java.base/java.util.concurrent.ThreadPoolExecutor.runWorker(ThreadPoolExecutor.java:1128)
	at java.base/java.util.concurrent.ThreadPoolExecutor$Worker.run(ThreadPoolExecutor.java:628)
	at java.base/java.lang.Thread.run(Thread.java:830)
... Removed 12 stack frames</div></td></tr></table><p class="totop"><a href="#summary">back to summary</a></p>
<h3 id="m3">com.romanceabroad.ui.RegistrationTest#signUpDataValidationPopUpHome</h3><table class="result"><tr class="param"><th>Parameter #1</th><th>Parameter #2</th><th>Parameter #3</th></tr><tr class="param stripe"><td>sh11Kwvuwe@test.com</td><td>SH11EKtjN</td><td>true</td></tr></table><p class="totop"><a href="#summary">back to summary</a></p>
<h3 id="m4">com.romanceabroad.ui.RegistrationTest#signUpDataValidationPopUpHome</h3><table class="result"><tr class="param"><th>Parameter #1</th><th>Parameter #2</th><th>Parameter #3</th></tr><tr class="param stripe"><td>email_bad</td><td>SH11EKtjN</td><td>false</td></tr></table><p class="totop"><a href="#summary">back to summary</a></p>
<h3 id="m5">com.romanceabroad.ui.RegistrationTest#signUpDataValidationRegistrationPage</h3><table class="result"><tr class="param"><th>Parameter #1</th><th>Parameter #2</th><th>Parameter #3</th><th>Parameter #4</th><th>Parameter #5</th><th>Parameter #6</th><th>Parameter #7</th><th>Parameter #8</th></tr><tr class="param stripe"><td>wandergarten-paul@gmail.com</td><td>MysuperPass33#</td><td>HighBoundaryYear</td><td>31</td><td>Dec</td><td>2003</td><td>3471499382</td><td>Tampa</td></tr></table><p class="totop"><a href="#summary">back to summary</a></p>
<h3 id="m6">com.romanceabroad.ui.RegistrationTest#signUpDataValidationRegistrationPage</h3><table class="result"><tr class="param"><th>Parameter #1</th><th>Parameter #2</th><th>Parameter #3</th><th>Parameter #4</th><th>Parameter #5</th><th>Parameter #6</th><th>Parameter #7</th><th>Parameter #8</th></tr><tr class="param stripe"><td>emailLubov@gmail.com</td><td>MysuperPass33#</td><td>JohnCat11</td><td>9</td><td>May</td><td>1984</td><td>3471423367</td><td>Tampa</td></tr></table><p class="totop"><a href="#summary">back to summary</a></p>
<h3 id="m7">com.romanceabroad.ui.RegistrationTest#signUpDataValidationRegistrationPage</h3><table class="result"><tr class="param"><th>Parameter #1</th><th>Parameter #2</th><th>Parameter #3</th><th>Parameter #4</th><th>Parameter #5</th><th>Parameter #6</th><th>Parameter #7</th><th>Parameter #8</th></tr><tr class="param stripe"><td>email11dda@gmail.com</td><td>MysuperPass33#</td><td>Ruberoid18</td><td>6</td><td>Mar</td><td>1994</td><td>3479652367</td><td>Tampa</td></tr></table><p class="totop"><a href="#summary">back to summary</a></p>
<h3 id="m8">com.romanceabroad.ui.RegistrationTest#signUpDataValidationRegistrationPage</h3><table class="result"><tr class="param"><th>Parameter #1</th><th>Parameter #2</th><th>Parameter #3</th><th>Parameter #4</th><th>Parameter #5</th><th>Parameter #6</th><th>Parameter #7</th><th>Parameter #8</th></tr><tr class="param stripe"><td>Irina87.guru@gmail.com</td><td>MysuperPass33#</td><td>Lancaster</td><td>12</td><td>Jun</td><td>2000</td><td>3473792286</td><td>Tampa</td></tr></table><p class="totop"><a href="#summary">back to summary</a></p>
</body>
</html>
