<?xml version="1.0" encoding="UTF-8"?>
<testng-results ignored="0" total="9" passed="6" failed="3" skipped="0">
  <reporter-output>
  </reporter-output>
  <suite started-at="2021-01-19T18:21:43 EST" name="TestSuite" finished-at="2021-01-19T18:24:59 EST" duration-ms="196574">
    <groups>
    </groups>
    <test started-at="2021-01-19T18:21:43 EST" name="ChromeTestCasesRegistration" finished-at="2021-01-19T18:24:59 EST" duration-ms="196574">
      <class name="com.romanceabroad.ui.RegistrationTest">
        <test-method is-config="true" signature="setup(java.lang.String, java.lang.reflect.Method)[pri:0, instance:com.romanceabroad.ui.RegistrationTest@20140db9]" started-at="2021-01-19T18:21:43 EST" name="setup" finished-at="2021-01-19T18:21:52 EST" duration-ms="9580" status="PASS">
          <params>
            <param index="0">
              <value>
                <![CDATA[chrome]]>
              </value>
            </param>
            <param index="1">
              <value>
                <![CDATA[public void com.romanceabroad.ui.RegistrationTest.signUpDataValidationPopUpHome(java.lang.String,java.lang.String,boolean)]]>
              </value>
            </param>
          </params>
          <reporter-output>
          </reporter-output>
        </test-method> <!-- setup -->
        <test-method signature="signUpDataValidationPopUpHome(java.lang.String, java.lang.String, boolean)[pri:0, instance:com.romanceabroad.ui.RegistrationTest@20140db9]" started-at="2021-01-19T18:21:52 EST" name="signUpDataValidationPopUpHome" data-provider="Registration2" finished-at="2021-01-19T18:22:04 EST" duration-ms="11727" status="PASS">
          <params>
            <param index="0">
              <value>
                <![CDATA[sh11Kwvuwe@test.com]]>
              </value>
            </param>
            <param index="1">
              <value>
                <![CDATA[SH11EKtjN]]>
              </value>
            </param>
            <param index="2">
              <value>
                <![CDATA[true]]>
              </value>
            </param>
          </params>
          <reporter-output>
          </reporter-output>
        </test-method> <!-- signUpDataValidationPopUpHome -->
        <test-method is-config="true" signature="tearDown()[pri:0, instance:com.romanceabroad.ui.RegistrationTest@20140db9]" started-at="2021-01-19T18:22:04 EST" name="tearDown" finished-at="2021-01-19T18:22:10 EST" duration-ms="5866" status="PASS">
          <reporter-output>
          </reporter-output>
        </test-method> <!-- tearDown -->
        <test-method is-config="true" signature="setup(java.lang.String, java.lang.reflect.Method)[pri:0, instance:com.romanceabroad.ui.RegistrationTest@20140db9]" started-at="2021-01-19T18:22:10 EST" name="setup" finished-at="2021-01-19T18:22:17 EST" duration-ms="6890" status="PASS">
          <params>
            <param index="0">
              <value>
                <![CDATA[chrome]]>
              </value>
            </param>
            <param index="1">
              <value>
                <![CDATA[public void com.romanceabroad.ui.RegistrationTest.signUpDataValidationPopUpHome(java.lang.String,java.lang.String,boolean)]]>
              </value>
            </param>
          </params>
          <reporter-output>
          </reporter-output>
        </test-method> <!-- setup -->
        <test-method signature="signUpDataValidationPopUpHome(java.lang.String, java.lang.String, boolean)[pri:0, instance:com.romanceabroad.ui.RegistrationTest@20140db9]" started-at="2021-01-19T18:22:17 EST" name="signUpDataValidationPopUpHome" data-provider="Registration2" finished-at="2021-01-19T18:22:22 EST" duration-ms="5321" status="PASS">
          <params>
            <param index="0">
              <value>
                <![CDATA[email_bad]]>
              </value>
            </param>
            <param index="1">
              <value>
                <![CDATA[SH11EKtjN]]>
              </value>
            </param>
            <param index="2">
              <value>
                <![CDATA[false]]>
              </value>
            </param>
          </params>
          <reporter-output>
          </reporter-output>
        </test-method> <!-- signUpDataValidationPopUpHome -->
        <test-method is-config="true" signature="tearDown()[pri:0, instance:com.romanceabroad.ui.RegistrationTest@20140db9]" started-at="2021-01-19T18:22:22 EST" name="tearDown" finished-at="2021-01-19T18:22:28 EST" duration-ms="5637" status="PASS">
          <reporter-output>
          </reporter-output>
        </test-method> <!-- tearDown -->
        <test-method is-config="true" signature="setup(java.lang.String, java.lang.reflect.Method)[pri:0, instance:com.romanceabroad.ui.RegistrationTest@20140db9]" started-at="2021-01-19T18:22:28 EST" name="setup" finished-at="2021-01-19T18:22:34 EST" duration-ms="5921" status="PASS">
          <params>
            <param index="0">
              <value>
                <![CDATA[chrome]]>
              </value>
            </param>
            <param index="1">
              <value>
                <![CDATA[public void com.romanceabroad.ui.RegistrationTest.signUpDataValidationPopUpHome(java.lang.String,java.lang.String,boolean)]]>
              </value>
            </param>
          </params>
          <reporter-output>
          </reporter-output>
        </test-method> <!-- setup -->
        <test-method signature="signUpDataValidationPopUpHome(java.lang.String, java.lang.String, boolean)[pri:0, instance:com.romanceabroad.ui.RegistrationTest@20140db9]" started-at="2021-01-19T18:22:34 EST" name="signUpDataValidationPopUpHome" data-provider="Registration2" finished-at="2021-01-19T18:22:37 EST" duration-ms="3372" status="FAIL">
          <params>
            <param index="0">
              <value>
                <![CDATA[sh11Kwvuwe@test.com]]>
              </value>
            </param>
            <param index="1">
              <value>
                <![CDATA[SH11EKtjN]]>
              </value>
            </param>
            <param index="2">
              <value>
                <![CDATA[true]]>
              </value>
            </param>
          </params>
          <exception class="org.openqa.selenium.ElementNotInteractableException">
            <message>
              <![CDATA[element not interactable
  (Session info: chrome=87.0.4280.141)
Build info: version: '3.141.59', revision: 'e82be7d358', time: '2018-11-14T08:17:03'
System info: host: 'DESKTOP-A602HLO', ip: '192.168.50.26', os.name: 'Windows 10', os.arch: 'amd64', os.version: '10.0', java.version: '13.0.2'
Driver info: org.openqa.selenium.chrome.ChromeDriver
Capabilities {acceptInsecureCerts: false, browserName: chrome, browserVersion: 87.0.4280.141, chrome: {chromedriverVersion: 86.0.4240.22 (398b0743353ff..., userDataDir: C:\WINDOWS\TEMP\scoped_dir1...}, goog:chromeOptions: {debuggerAddress: localhost:55581}, javascriptEnabled: true, networkConnectionEnabled: false, pageLoadStrategy: normal, platform: WINDOWS, platformName: WINDOWS, proxy: Proxy(), setWindowRect: true, strictFileInteractability: false, timeouts: {implicit: 0, pageLoad: 300000, script: 30000}, unhandledPromptBehavior: dismiss and notify, webauthn:virtualAuthenticators: true}
Session ID: 3dd09420ad18fb90260ab16fb510ddae]]>
            </message>
            <full-stacktrace>
              <![CDATA[org.openqa.selenium.ElementNotInteractableException: element not interactable
  (Session info: chrome=87.0.4280.141)
Build info: version: '3.141.59', revision: 'e82be7d358', time: '2018-11-14T08:17:03'
System info: host: 'DESKTOP-A602HLO', ip: '192.168.50.26', os.name: 'Windows 10', os.arch: 'amd64', os.version: '10.0', java.version: '13.0.2'
Driver info: org.openqa.selenium.chrome.ChromeDriver
Capabilities {acceptInsecureCerts: false, browserName: chrome, browserVersion: 87.0.4280.141, chrome: {chromedriverVersion: 86.0.4240.22 (398b0743353ff..., userDataDir: C:\WINDOWS\TEMP\scoped_dir1...}, goog:chromeOptions: {debuggerAddress: localhost:55581}, javascriptEnabled: true, networkConnectionEnabled: false, pageLoadStrategy: normal, platform: WINDOWS, platformName: WINDOWS, proxy: Proxy(), setWindowRect: true, strictFileInteractability: false, timeouts: {implicit: 0, pageLoad: 300000, script: 30000}, unhandledPromptBehavior: dismiss and notify, webauthn:virtualAuthenticators: true}
Session ID: 3dd09420ad18fb90260ab16fb510ddae
at java.base/jdk.internal.reflect.NativeConstructorAccessorImpl.newInstance0(Native Method)
at java.base/jdk.internal.reflect.NativeConstructorAccessorImpl.newInstance(NativeConstructorAccessorImpl.java:62)
at java.base/jdk.internal.reflect.DelegatingConstructorAccessorImpl.newInstance(DelegatingConstructorAccessorImpl.java:45)
at java.base/java.lang.reflect.Constructor.newInstanceWithCaller(Constructor.java:500)
at java.base/java.lang.reflect.Constructor.newInstance(Constructor.java:481)
at org.openqa.selenium.remote.http.W3CHttpResponseCodec.createException(W3CHttpResponseCodec.java:187)
at org.openqa.selenium.remote.http.W3CHttpResponseCodec.decode(W3CHttpResponseCodec.java:122)
at org.openqa.selenium.remote.http.W3CHttpResponseCodec.decode(W3CHttpResponseCodec.java:49)
at org.openqa.selenium.remote.HttpCommandExecutor.execute(HttpCommandExecutor.java:158)
at org.openqa.selenium.remote.service.DriverCommandExecutor.execute(DriverCommandExecutor.java:83)
at org.openqa.selenium.remote.RemoteWebDriver.execute(RemoteWebDriver.java:552)
at org.openqa.selenium.remote.RemoteWebElement.execute(RemoteWebElement.java:285)
at org.openqa.selenium.remote.RemoteWebElement.sendKeys(RemoteWebElement.java:106)
at data.Helpers.inputEmail(Helpers.java:68)
at com.romanceabroad.ui.RegistrationPage.inputEmail(RegistrationPage.java:108)
at com.romanceabroad.ui.RegistrationTest.signUpDataValidationPopUpHome(RegistrationTest.java:49)
at java.base/jdk.internal.reflect.NativeMethodAccessorImpl.invoke0(Native Method)
at java.base/jdk.internal.reflect.NativeMethodAccessorImpl.invoke(NativeMethodAccessorImpl.java:62)
at java.base/jdk.internal.reflect.DelegatingMethodAccessorImpl.invoke(DelegatingMethodAccessorImpl.java:43)
at java.base/java.lang.reflect.Method.invoke(Method.java:567)
at org.testng.internal.MethodInvocationHelper.invokeMethod(MethodInvocationHelper.java:132)
at org.testng.internal.TestInvoker.invokeMethod(TestInvoker.java:599)
at org.testng.internal.TestInvoker.invokeTestMethod(TestInvoker.java:174)
at org.testng.internal.MethodRunner.runInSequence(MethodRunner.java:46)
at org.testng.internal.TestInvoker$MethodInvocationAgent.invoke(TestInvoker.java:822)
at org.testng.internal.TestInvoker.invokeTestMethods(TestInvoker.java:147)
at org.testng.internal.TestMethodWorker.invokeTestMethods(TestMethodWorker.java:146)
at org.testng.internal.TestMethodWorker.run(TestMethodWorker.java:128)
at java.base/java.util.concurrent.ThreadPoolExecutor.runWorker(ThreadPoolExecutor.java:1128)
at java.base/java.util.concurrent.ThreadPoolExecutor$Worker.run(ThreadPoolExecutor.java:628)
at java.base/java.lang.Thread.run(Thread.java:830)
]]>
            </full-stacktrace>
          </exception> <!-- org.openqa.selenium.ElementNotInteractableException -->
          <reporter-output>
          </reporter-output>
        </test-method> <!-- signUpDataValidationPopUpHome -->
        <test-method is-config="true" signature="tearDown()[pri:0, instance:com.romanceabroad.ui.RegistrationTest@20140db9]" started-at="2021-01-19T18:22:37 EST" name="tearDown" finished-at="2021-01-19T18:22:43 EST" duration-ms="5661" status="PASS">
          <reporter-output>
          </reporter-output>
        </test-method> <!-- tearDown -->
        <test-method is-config="true" signature="setup(java.lang.String, java.lang.reflect.Method)[pri:0, instance:com.romanceabroad.ui.RegistrationTest@20140db9]" started-at="2021-01-19T18:22:43 EST" name="setup" finished-at="2021-01-19T18:22:49 EST" duration-ms="5992" status="PASS">
          <params>
            <param index="0">
              <value>
                <![CDATA[chrome]]>
              </value>
            </param>
            <param index="1">
              <value>
                <![CDATA[public void com.romanceabroad.ui.RegistrationTest.signUpDataValidationRegistrationPage(java.lang.String,java.lang.String,java.lang.String,java.lang.String,java.lang.String,java.lang.String,java.lang.String,java.lang.String)]]>
              </value>
            </param>
          </params>
          <reporter-output>
          </reporter-output>
        </test-method> <!-- setup -->
        <test-method signature="signUpDataValidationRegistrationPage(java.lang.String, java.lang.String, java.lang.String, java.lang.String, java.lang.String, java.lang.String, java.lang.String, java.lang.String)[pri:0, instance:com.romanceabroad.ui.RegistrationTest@20140db9]" started-at="2021-01-19T18:22:49 EST" name="signUpDataValidationRegistrationPage" data-provider="Registration" finished-at="2021-01-19T18:22:58 EST" duration-ms="9184" status="PASS">
          <params>
            <param index="0">
              <value>
                <![CDATA[email11dda@gmail.com]]>
              </value>
            </param>
            <param index="1">
              <value>
                <![CDATA[MysuperPass33#]]>
              </value>
            </param>
            <param index="2">
              <value>
                <![CDATA[Ruberoid18]]>
              </value>
            </param>
            <param index="3">
              <value>
                <![CDATA[6]]>
              </value>
            </param>
            <param index="4">
              <value>
                <![CDATA[Mar]]>
              </value>
            </param>
            <param index="5">
              <value>
                <![CDATA[1994]]>
              </value>
            </param>
            <param index="6">
              <value>
                <![CDATA[3479652367]]>
              </value>
            </param>
            <param index="7">
              <value>
                <![CDATA[Tampa]]>
              </value>
            </param>
          </params>
          <reporter-output>
          </reporter-output>
        </test-method> <!-- signUpDataValidationRegistrationPage -->
        <test-method is-config="true" signature="tearDown()[pri:0, instance:com.romanceabroad.ui.RegistrationTest@20140db9]" started-at="2021-01-19T18:22:58 EST" name="tearDown" finished-at="2021-01-19T18:23:04 EST" duration-ms="5691" status="PASS">
          <reporter-output>
          </reporter-output>
        </test-method> <!-- tearDown -->
        <test-method is-config="true" signature="setup(java.lang.String, java.lang.reflect.Method)[pri:0, instance:com.romanceabroad.ui.RegistrationTest@20140db9]" started-at="2021-01-19T18:23:04 EST" name="setup" finished-at="2021-01-19T18:23:10 EST" duration-ms="6079" status="PASS">
          <params>
            <param index="0">
              <value>
                <![CDATA[chrome]]>
              </value>
            </param>
            <param index="1">
              <value>
                <![CDATA[public void com.romanceabroad.ui.RegistrationTest.signUpDataValidationRegistrationPage(java.lang.String,java.lang.String,java.lang.String,java.lang.String,java.lang.String,java.lang.String,java.lang.String,java.lang.String)]]>
              </value>
            </param>
          </params>
          <reporter-output>
          </reporter-output>
        </test-method> <!-- setup -->
        <test-method signature="signUpDataValidationRegistrationPage(java.lang.String, java.lang.String, java.lang.String, java.lang.String, java.lang.String, java.lang.String, java.lang.String, java.lang.String)[pri:0, instance:com.romanceabroad.ui.RegistrationTest@20140db9]" started-at="2021-01-19T18:23:10 EST" name="signUpDataValidationRegistrationPage" data-provider="Registration" finished-at="2021-01-19T18:23:37 EST" duration-ms="27548" status="FAIL">
          <params>
            <param index="0">
              <value>
                <![CDATA[emailjohn@gmail.com]]>
              </value>
            </param>
            <param index="1">
              <value>
                <![CDATA[MysuperPass33#]]>
              </value>
            </param>
            <param index="2">
              <value>
                <![CDATA[Joker10]]>
              </value>
            </param>
            <param index="3">
              <value>
                <![CDATA[18]]>
              </value>
            </param>
            <param index="4">
              <value>
                <![CDATA[Feb]]>
              </value>
            </param>
            <param index="5">
              <value>
                <![CDATA[2059]]>
              </value>
            </param>
            <param index="6">
              <value>
                <![CDATA[3446546567]]>
              </value>
            </param>
            <param index="7">
              <value>
                <![CDATA[Tampa]]>
              </value>
            </param>
          </params>
          <exception class="org.openqa.selenium.NoSuchElementException">
            <message>
              <![CDATA[Cannot locate element with text: 2059
For documentation on this error, please visit: https://www.seleniumhq.org/exceptions/no_such_element.html
Build info: version: '3.141.59', revision: 'e82be7d358', time: '2018-11-14T08:17:03'
System info: host: 'DESKTOP-A602HLO', ip: '192.168.50.26', os.name: 'Windows 10', os.arch: 'amd64', os.version: '10.0', java.version: '13.0.2'
Driver info: driver.version: unknown]]>
            </message>
            <full-stacktrace>
              <![CDATA[org.openqa.selenium.NoSuchElementException: Cannot locate element with text: 2059
For documentation on this error, please visit: https://www.seleniumhq.org/exceptions/no_such_element.html
Build info: version: '3.141.59', revision: 'e82be7d358', time: '2018-11-14T08:17:03'
System info: host: 'DESKTOP-A602HLO', ip: '192.168.50.26', os.name: 'Windows 10', os.arch: 'amd64', os.version: '10.0', java.version: '13.0.2'
Driver info: driver.version: unknown
at org.openqa.selenium.support.ui.Select.selectByVisibleText(Select.java:147)
at com.romanceabroad.ui.RegistrationPage.selectDateOnReg(RegistrationPage.java:102)
at com.romanceabroad.ui.RegistrationTest.signUpDataValidationRegistrationPage(RegistrationTest.java:76)
at java.base/jdk.internal.reflect.NativeMethodAccessorImpl.invoke0(Native Method)
at java.base/jdk.internal.reflect.NativeMethodAccessorImpl.invoke(NativeMethodAccessorImpl.java:62)
at java.base/jdk.internal.reflect.DelegatingMethodAccessorImpl.invoke(DelegatingMethodAccessorImpl.java:43)
at java.base/java.lang.reflect.Method.invoke(Method.java:567)
at org.testng.internal.MethodInvocationHelper.invokeMethod(MethodInvocationHelper.java:132)
at org.testng.internal.TestInvoker.invokeMethod(TestInvoker.java:599)
at org.testng.internal.TestInvoker.invokeTestMethod(TestInvoker.java:174)
at org.testng.internal.MethodRunner.runInSequence(MethodRunner.java:46)
at org.testng.internal.TestInvoker$MethodInvocationAgent.invoke(TestInvoker.java:822)
at org.testng.internal.TestInvoker.invokeTestMethods(TestInvoker.java:147)
at org.testng.internal.TestMethodWorker.invokeTestMethods(TestMethodWorker.java:146)
at org.testng.internal.TestMethodWorker.run(TestMethodWorker.java:128)
at java.base/java.util.concurrent.ThreadPoolExecutor.runWorker(ThreadPoolExecutor.java:1128)
at java.base/java.util.concurrent.ThreadPoolExecutor$Worker.run(ThreadPoolExecutor.java:628)
at java.base/java.lang.Thread.run(Thread.java:830)
]]>
            </full-stacktrace>
          </exception> <!-- org.openqa.selenium.NoSuchElementException -->
          <reporter-output>
          </reporter-output>
        </test-method> <!-- signUpDataValidationRegistrationPage -->
        <test-method is-config="true" signature="tearDown()[pri:0, instance:com.romanceabroad.ui.RegistrationTest@20140db9]" started-at="2021-01-19T18:23:37 EST" name="tearDown" finished-at="2021-01-19T18:23:43 EST" duration-ms="5646" status="PASS">
          <reporter-output>
          </reporter-output>
        </test-method> <!-- tearDown -->
        <test-method is-config="true" signature="setup(java.lang.String, java.lang.reflect.Method)[pri:0, instance:com.romanceabroad.ui.RegistrationTest@20140db9]" started-at="2021-01-19T18:23:43 EST" name="setup" finished-at="2021-01-19T18:23:49 EST" duration-ms="5912" status="PASS">
          <params>
            <param index="0">
              <value>
                <![CDATA[chrome]]>
              </value>
            </param>
            <param index="1">
              <value>
                <![CDATA[public void com.romanceabroad.ui.RegistrationTest.signUpDataValidationRegistrationPage(java.lang.String,java.lang.String,java.lang.String,java.lang.String,java.lang.String,java.lang.String,java.lang.String,java.lang.String)]]>
              </value>
            </param>
          </params>
          <reporter-output>
          </reporter-output>
        </test-method> <!-- setup -->
        <test-method signature="signUpDataValidationRegistrationPage(java.lang.String, java.lang.String, java.lang.String, java.lang.String, java.lang.String, java.lang.String, java.lang.String, java.lang.String)[pri:0, instance:com.romanceabroad.ui.RegistrationTest@20140db9]" started-at="2021-01-19T18:23:49 EST" name="signUpDataValidationRegistrationPage" data-provider="Registration" finished-at="2021-01-19T18:23:57 EST" duration-ms="8203" status="PASS">
          <params>
            <param index="0">
              <value>
                <![CDATA[emailLubov@gmail.com]]>
              </value>
            </param>
            <param index="1">
              <value>
                <![CDATA[MysuperPass33#]]>
              </value>
            </param>
            <param index="2">
              <value>
                <![CDATA[JohnCat11]]>
              </value>
            </param>
            <param index="3">
              <value>
                <![CDATA[9]]>
              </value>
            </param>
            <param index="4">
              <value>
                <![CDATA[May]]>
              </value>
            </param>
            <param index="5">
              <value>
                <![CDATA[1984]]>
              </value>
            </param>
            <param index="6">
              <value>
                <![CDATA[3471423367]]>
              </value>
            </param>
            <param index="7">
              <value>
                <![CDATA[Tampa]]>
              </value>
            </param>
          </params>
          <reporter-output>
          </reporter-output>
        </test-method> <!-- signUpDataValidationRegistrationPage -->
        <test-method is-config="true" signature="tearDown()[pri:0, instance:com.romanceabroad.ui.RegistrationTest@20140db9]" started-at="2021-01-19T18:23:57 EST" name="tearDown" finished-at="2021-01-19T18:24:03 EST" duration-ms="5649" status="PASS">
          <reporter-output>
          </reporter-output>
        </test-method> <!-- tearDown -->
        <test-method is-config="true" signature="setup(java.lang.String, java.lang.reflect.Method)[pri:0, instance:com.romanceabroad.ui.RegistrationTest@20140db9]" started-at="2021-01-19T18:24:03 EST" name="setup" finished-at="2021-01-19T18:24:08 EST" duration-ms="5867" status="PASS">
          <params>
            <param index="0">
              <value>
                <![CDATA[chrome]]>
              </value>
            </param>
            <param index="1">
              <value>
                <![CDATA[public void com.romanceabroad.ui.RegistrationTest.signUpDataValidationRegistrationPage(java.lang.String,java.lang.String,java.lang.String,java.lang.String,java.lang.String,java.lang.String,java.lang.String,java.lang.String)]]>
              </value>
            </param>
          </params>
          <reporter-output>
          </reporter-output>
        </test-method> <!-- setup -->
        <test-method signature="signUpDataValidationRegistrationPage(java.lang.String, java.lang.String, java.lang.String, java.lang.String, java.lang.String, java.lang.String, java.lang.String, java.lang.String)[pri:0, instance:com.romanceabroad.ui.RegistrationTest@20140db9]" started-at="2021-01-19T18:24:08 EST" name="signUpDataValidationRegistrationPage" data-provider="Registration" finished-at="2021-01-19T18:24:14 EST" duration-ms="5466" status="FAIL">
          <params>
            <param index="0">
              <value>
                <![CDATA[Mark.K2001@gmail.com]]>
              </value>
            </param>
            <param index="1">
              <value>
                <![CDATA[MysuperPass33#]]>
              </value>
            </param>
            <param index="2">
              <value>
                <![CDATA[lowBoundaryYear]]>
              </value>
            </param>
            <param index="3">
              <value>
                <![CDATA[01]]>
              </value>
            </param>
            <param index="4">
              <value>
                <![CDATA[Jan]]>
              </value>
            </param>
            <param index="5">
              <value>
                <![CDATA[1941]]>
              </value>
            </param>
            <param index="6">
              <value>
                <![CDATA[3479639961]]>
              </value>
            </param>
            <param index="7">
              <value>
                <![CDATA[Tampa]]>
              </value>
            </param>
          </params>
          <exception class="org.openqa.selenium.NoSuchElementException">
            <message>
              <![CDATA[Cannot locate element with text: 01
For documentation on this error, please visit: https://www.seleniumhq.org/exceptions/no_such_element.html
Build info: version: '3.141.59', revision: 'e82be7d358', time: '2018-11-14T08:17:03'
System info: host: 'DESKTOP-A602HLO', ip: '192.168.50.26', os.name: 'Windows 10', os.arch: 'amd64', os.version: '10.0', java.version: '13.0.2'
Driver info: driver.version: unknown]]>
            </message>
            <full-stacktrace>
              <![CDATA[org.openqa.selenium.NoSuchElementException: Cannot locate element with text: 01
For documentation on this error, please visit: https://www.seleniumhq.org/exceptions/no_such_element.html
Build info: version: '3.141.59', revision: 'e82be7d358', time: '2018-11-14T08:17:03'
System info: host: 'DESKTOP-A602HLO', ip: '192.168.50.26', os.name: 'Windows 10', os.arch: 'amd64', os.version: '10.0', java.version: '13.0.2'
Driver info: driver.version: unknown
at org.openqa.selenium.support.ui.Select.selectByVisibleText(Select.java:147)
at com.romanceabroad.ui.RegistrationPage.selectDateOnReg(RegistrationPage.java:100)
at com.romanceabroad.ui.RegistrationTest.signUpDataValidationRegistrationPage(RegistrationTest.java:76)
at java.base/jdk.internal.reflect.NativeMethodAccessorImpl.invoke0(Native Method)
at java.base/jdk.internal.reflect.NativeMethodAccessorImpl.invoke(NativeMethodAccessorImpl.java:62)
at java.base/jdk.internal.reflect.DelegatingMethodAccessorImpl.invoke(DelegatingMethodAccessorImpl.java:43)
at java.base/java.lang.reflect.Method.invoke(Method.java:567)
at org.testng.internal.MethodInvocationHelper.invokeMethod(MethodInvocationHelper.java:132)
at org.testng.internal.TestInvoker.invokeMethod(TestInvoker.java:599)
at org.testng.internal.TestInvoker.invokeTestMethod(TestInvoker.java:174)
at org.testng.internal.MethodRunner.runInSequence(MethodRunner.java:46)
at org.testng.internal.TestInvoker$MethodInvocationAgent.invoke(TestInvoker.java:822)
at org.testng.internal.TestInvoker.invokeTestMethods(TestInvoker.java:147)
at org.testng.internal.TestMethodWorker.invokeTestMethods(TestMethodWorker.java:146)
at org.testng.internal.TestMethodWorker.run(TestMethodWorker.java:128)
at java.base/java.util.concurrent.ThreadPoolExecutor.runWorker(ThreadPoolExecutor.java:1128)
at java.base/java.util.concurrent.ThreadPoolExecutor$Worker.run(ThreadPoolExecutor.java:628)
at java.base/java.lang.Thread.run(Thread.java:830)
]]>
            </full-stacktrace>
          </exception> <!-- org.openqa.selenium.NoSuchElementException -->
          <reporter-output>
          </reporter-output>
        </test-method> <!-- signUpDataValidationRegistrationPage -->
        <test-method is-config="true" signature="tearDown()[pri:0, instance:com.romanceabroad.ui.RegistrationTest@20140db9]" started-at="2021-01-19T18:24:14 EST" name="tearDown" finished-at="2021-01-19T18:24:20 EST" duration-ms="5626" status="PASS">
          <reporter-output>
          </reporter-output>
        </test-method> <!-- tearDown -->
        <test-method is-config="true" signature="setup(java.lang.String, java.lang.reflect.Method)[pri:0, instance:com.romanceabroad.ui.RegistrationTest@20140db9]" started-at="2021-01-19T18:24:20 EST" name="setup" finished-at="2021-01-19T18:24:25 EST" duration-ms="5871" status="PASS">
          <params>
            <param index="0">
              <value>
                <![CDATA[chrome]]>
              </value>
            </param>
            <param index="1">
              <value>
                <![CDATA[public void com.romanceabroad.ui.RegistrationTest.signUpDataValidationRegistrationPage(java.lang.String,java.lang.String,java.lang.String,java.lang.String,java.lang.String,java.lang.String,java.lang.String,java.lang.String)]]>
              </value>
            </param>
          </params>
          <reporter-output>
          </reporter-output>
        </test-method> <!-- setup -->
        <test-method signature="signUpDataValidationRegistrationPage(java.lang.String, java.lang.String, java.lang.String, java.lang.String, java.lang.String, java.lang.String, java.lang.String, java.lang.String)[pri:0, instance:com.romanceabroad.ui.RegistrationTest@20140db9]" started-at="2021-01-19T18:24:25 EST" name="signUpDataValidationRegistrationPage" data-provider="Registration" finished-at="2021-01-19T18:24:34 EST" duration-ms="8286" status="PASS">
          <params>
            <param index="0">
              <value>
                <![CDATA[Irina87.guru@gmail.com]]>
              </value>
            </param>
            <param index="1">
              <value>
                <![CDATA[MysuperPass33#]]>
              </value>
            </param>
            <param index="2">
              <value>
                <![CDATA[Lancaster]]>
              </value>
            </param>
            <param index="3">
              <value>
                <![CDATA[12]]>
              </value>
            </param>
            <param index="4">
              <value>
                <![CDATA[Jun]]>
              </value>
            </param>
            <param index="5">
              <value>
                <![CDATA[2000]]>
              </value>
            </param>
            <param index="6">
              <value>
                <![CDATA[3473792286]]>
              </value>
            </param>
            <param index="7">
              <value>
                <![CDATA[Tampa]]>
              </value>
            </param>
          </params>
          <reporter-output>
          </reporter-output>
        </test-method> <!-- signUpDataValidationRegistrationPage -->
        <test-method is-config="true" signature="tearDown()[pri:0, instance:com.romanceabroad.ui.RegistrationTest@20140db9]" started-at="2021-01-19T18:24:34 EST" name="tearDown" finished-at="2021-01-19T18:24:39 EST" duration-ms="5645" status="PASS">
          <reporter-output>
          </reporter-output>
        </test-method> <!-- tearDown -->
        <test-method is-config="true" signature="setup(java.lang.String, java.lang.reflect.Method)[pri:0, instance:com.romanceabroad.ui.RegistrationTest@20140db9]" started-at="2021-01-19T18:24:39 EST" name="setup" finished-at="2021-01-19T18:24:45 EST" duration-ms="5898" status="PASS">
          <params>
            <param index="0">
              <value>
                <![CDATA[chrome]]>
              </value>
            </param>
            <param index="1">
              <value>
                <![CDATA[public void com.romanceabroad.ui.RegistrationTest.signUpDataValidationRegistrationPage(java.lang.String,java.lang.String,java.lang.String,java.lang.String,java.lang.String,java.lang.String,java.lang.String,java.lang.String)]]>
              </value>
            </param>
          </params>
          <reporter-output>
          </reporter-output>
        </test-method> <!-- setup -->
        <test-method signature="signUpDataValidationRegistrationPage(java.lang.String, java.lang.String, java.lang.String, java.lang.String, java.lang.String, java.lang.String, java.lang.String, java.lang.String)[pri:0, instance:com.romanceabroad.ui.RegistrationTest@20140db9]" started-at="2021-01-19T18:24:45 EST" name="signUpDataValidationRegistrationPage" data-provider="Registration" finished-at="2021-01-19T18:24:54 EST" duration-ms="8283" status="PASS">
          <params>
            <param index="0">
              <value>
                <![CDATA[wandergarten-paul@gmail.com]]>
              </value>
            </param>
            <param index="1">
              <value>
                <![CDATA[MysuperPass33#]]>
              </value>
            </param>
            <param index="2">
              <value>
                <![CDATA[HighBoundaryYear]]>
              </value>
            </param>
            <param index="3">
              <value>
                <![CDATA[31]]>
              </value>
            </param>
            <param index="4">
              <value>
                <![CDATA[Dec]]>
              </value>
            </param>
            <param index="5">
              <value>
                <![CDATA[2003]]>
              </value>
            </param>
            <param index="6">
              <value>
                <![CDATA[3471499382]]>
              </value>
            </param>
            <param index="7">
              <value>
                <![CDATA[Tampa]]>
              </value>
            </param>
          </params>
          <reporter-output>
          </reporter-output>
        </test-method> <!-- signUpDataValidationRegistrationPage -->
        <test-method is-config="true" signature="tearDown()[pri:0, instance:com.romanceabroad.ui.RegistrationTest@20140db9]" started-at="2021-01-19T18:24:54 EST" name="tearDown" finished-at="2021-01-19T18:24:59 EST" duration-ms="5655" status="PASS">
          <reporter-output>
          </reporter-output>
        </test-method> <!-- tearDown -->
      </class> <!-- com.romanceabroad.ui.RegistrationTest -->
    </test> <!-- ChromeTestCasesRegistration -->
  </suite> <!-- TestSuite -->
</testng-results>
